Files:
Galactica.XNA.dll
You can find this mod's .dll files under ModLoader\references\mods for easy mod collaboration!
Galactica.XNA.pdb
Galactica.FNA.dll
Galactica.FNA.pdb
Galactica.FNA.dll.mdb
build.txt
Items/lizhahrdaltar.cs
NPCs/worm/starlighttail.cs
Items/Weapons/terraknives.cs
description.txt
DraggableUIPsnnel.cs
EnchantedDust.cs
AccPlayer.cs
NPCs/worm/starlightworm.txt
Galactica.sln
NPCs/worm/Worm.cs
Items/luckycharm.png
Items/LunarCandy.cs
Items/Weapons/terrastaff.cs
Items/LunarCandy.png
Items/Weapons/terrastaff.png
Items/luxfragment.cs
Items/MagicDagger.cs
Items/Weapons/terratome.cs
Guardians_BossCkeclist.png
Items/MagicDagger.png
heartmodestats.cs
icon.png
Items/Weapons/terratome.png
Items/MagicianEnhancement.cs
LunarDrops.cs
Items/Weapons/terrayoyo.cs
Items/MagicianEnhancement.png
ModConfig.cs
Items/Weapons/terrayoyo.png
Items/magicspirit.cs
Items/Weapons/theone.cs
Projectiles/AbsolutionCharge.cs
Items/magicspirit.png
ModGlobalItem.cs
Items/Weapons/theone.png
Items/manacharm.cs
Items/Weapons/thestorm.cs
Items/Weapons/thestorm.png
ModGlobalNPC.cs
Galactica.cs
Items/Weapons/Thunderstorm.cs
Galactica.csproj
Items/manacharm.png
ModGlobalProjectile.cs
README.txt
skillspannel.cs
Items/Weapons/Thunderstorm.png
SpelunkerLuminite.cs
Items/Weapons/titaniumknives.cs
StatsPlayer.cs
Armor/aurealislegs.png
Items/Weapons/titaniumknives.png
world.cs
Items/Weapons/tomdaemoniumscriptor.cs
Items/Weapons/truehallowedstaff.cs
Armor/aurealisbody.cs
Projectiles/AbsolutionCharge.png
Armor/aurealislegs.cs
Items/Weapons/truehallowedstaff.png
Projectiles/AbsolutionProj.cs
Projectiles/AbsolutionShoot.cs
Armor/cosmichelmet.cs
Items/Weapons/truehallowedtome.cs
Armor/bannanaboots.png
Items/Weapons/truehallowedtome.png
Items/Weapons/truenightsyoyo.png
Items/Weapons/truehallowedyoyo.cs
Projectiles/ancientcrystal.png
Items/Weapons/ultimatum.cs
Projectiles/AttrocityFlask.cs
Items/Weapons/truehallowedyoyo.png
Items/Weapons/ultimatum.png
Items/Weapons/trueherosword.cs
Items/Weapons/unholystaff.cs
Items/Weapons/trueherosword.png
Items/Weapons/unholystaff.png
Projectiles/AbsolutionShoot.png
Items/Weapons/truekindlestaff.cs
Items/Weapons/uraniuampoweredblaster.cs
Projectiles/adamantiteflask.cs
Items/Weapons/truekindlestaff.png
Items/Weapons/uraniumpoweredblaster.png
Projectiles/adamantiteflask.png
Items/Weapons/truelaceration.cs
Items/Weapons/voltage.cs
Projectiles/ancientcrystal.cs
Items/Weapons/truelaceration.png
Items/Weapons/voltage.png
Items/Weapons/truenightsstaff.cs
Armor/cosmichelmet.png
Armor/cosmicleggings.cs
Items/Weapons/truenightsstaff.png
Armor/cosmicleggings.png
Items/Weapons/truenightstome.cs
Armor/cosmichelmet_Head.png
Items/Weapons/truenightstome.png
Items/Weapons/truenightsyoyo.cs
Items/Weapons/warrior.png
Items/Weapons/Alchemy/alchemist.cs
Items/Weapons/Alchemy/alchemist.png
Items/Weapons/Alchemy/alchemyemblem.cs
Items/Weapons/Alchemy/alchemyemblem.png
Armor/bannanaboots_Legs.png
Items/Weapons/Alchemy/AlchemyWeapon.cs
Armor/burningchestplate.cs
Items/Weapons/Alchemy/ancientflask.cs
Projectiles/AbsolutionProj.png
Armor/burningchestplate.png
Items/Weapons/Alchemy/ancientflask.png
Projectiles/blank.png
Items/Weapons/Alchemy/blazingflask.cs
Projectiles/blazingbullet.cs
Items/Weapons/Alchemy/blazingflask.png
Projectiles/blazingbullet.png
Armor/darkschestplate_Body.png
Items/Weapons/Alchemy/bloodyflask.cs
Projectiles/bloodflask.cs
Items/Weapons/Alchemy/bloodyflask.png
Projectiles/bloodflask.png
Items/Weapons/Alchemy/corruptedflask.cs
Projectiles/blue.cs
Items/Weapons/Alchemy/corruptedflask.png
Projectiles/blue.png
Items/Weapons/Alchemy/cosmicequipment.cs
Items/Weapons/Alchemy/cosmicequipment.png
Items/Weapons/Alchemy/cosmicflask.cs
Items/Weapons/Alchemy/cosmicflask.png
Items/Weapons/Alchemy/crystalineflask.cs
Items/Weapons/Alchemy/crystalineflask.png
Items/Weapons/Alchemy/darkflask.cs
Armor/aurealislegs_Legs.png
Items/Weapons/Alchemy/darkflask.png
Armor/bannanaboots.cs
Items/Weapons/Alchemy/electricityflask.cs
Armor/darkschestplate_Female.png
Items/Weapons/Alchemy/electricityflask.png
Items/Weapons/Alchemy/EXDPlayer.cs
Items/Weapons/Alchemy/featherflask.cs
Items/Weapons/Alchemy/featherflask.png
Armor/burningchestplate_Arms.png
Items/Weapons/Alchemy/flowerdance.cs
Items/Weapons/Alchemy/flowerdance.png
Items/Weapons/Alchemy/galacticflask.cs
Items/Weapons/Alchemy/galacticflask.png
Items/Weapons/Alchemy/gloomflask.cs
Items/Weapons/Alchemy/gloomflask.png
Items/Weapons/Alchemy/holyequipment.cs
Armor/darkshekmet_Head.png
Items/Weapons/Alchemy/holyequipment.png
Armor/galacticusboots_Legs.png
Items/Weapons/Alchemy/holyflask.cs
Armor/galacticuschestplate.cs
Projectiles/cheatproj.png
Items/Weapons/Alchemy/holyflask.png
Armor/galacticuschestplate.png
Projectiles/cheatproj2.cs
Items/Weapons/Alchemy/honeysolution.cs
Items/Weapons/Alchemy/honeysolution.png
Projectiles/cheatproj2.png
Items/Weapons/Alchemy/liquidadamantiteflask.cs
Armor/burningchestplate_Body.png
Projectiles/chlorophyteflask.cs
Items/Weapons/Alchemy/liquidadamantiteflask.png
Armor/burninghelmet.cs
Projectiles/chlorophyteflask.png
Items/Weapons/Alchemy/liquidchlorophyteflask.cs
Armor/burninghelmet.png
Projectiles/chlorophyteknife.cs
Projectiles/boltoflight.cs
Projectiles/chlorophyteknife.png
Projectiles/boltoflight.png
Projectiles/click.cs
Projectiles/boringarrow.cs
Projectiles/click.png
Projectiles/cobaltflask.cs
Projectiles/boringarrow.png
Projectiles/burningknife.cs
Projectiles/cobaltflask.png
Armor/galacticuschestplate_Arms.png
Projectiles/burningknife.png
Projectiles/copperflask.cs
Projectiles/cheatproj.cs
Projectiles/copperflask.png
Projectiles/corruptedshard.cs
Projectiles/corruptedshard.png
Projectiles/CotuGems.png
Projectiles/corruptflask.cs
Items/lizhahrdaltar.png
Projectiles/darkhammerproj.cs
Armor/burninghelmet_Head.png
Projectiles/corruptflask.png
Items/luckycharm.cs
Armor/burningleggings.cs
Projectiles/cosmicdiamond.cs
Items/maskfragment.png
Armor/burningleggings.png
Projectiles/darkhammerproj.png
Items/mechanicalcharm.cs
Items/Weapons/Alchemy/liquidchlorophyteflask.png
Projectiles/deathflask.cs
Items/Weapons/Alchemy/liquidcobaltflask.cs
Items/mechanicalcharm.png
Projectiles/deathflask.png
Items/miniaturereactor.cs
Items/Weapons/Alchemy/liquidcobaltflask.png
Projectiles/DendriteProj.cs
Armor/aurealisbody.png
Projectiles/DendriteProj.png
Armor/starlighthazmathead.cs
Projectiles/DendriteProj2.cs
Projectiles/DendriteProj2.png
Armor/starlighthazmathead.png
Projectiles/dflask.cs
Projectiles/dflask.png
Projectiles/dshuriken.cs
Projectiles/dshuriken.png
Projectiles/dualityproj.cs
Armor/burningleggings_Legs.png
Projectiles/dualityproj.png
Armor/cosmicbreastplate.cs
Projectiles/electricflask.cs
Armor/cosmicbreastplate.png
Projectiles/electricflask.png
Armor/galacticuschestplate_Body.png
Projectiles/energybeam.cs
Projectiles/cosmicdiamond.png
Projectiles/energybeam.png
Armor/galacticusheadgear.cs
Projectiles/cosmicstar.cs
Projectiles/ExodiaScythe.cs
Armor/galacticusheadgear.png
Armor/starlighthazmathead_Head.png
Projectiles/ExodiaScythe.png
Projectiles/cosmicstar.png
UI/VanillaItemSlotWrapper.cs
Projectiles/ExodusProj.cs
Projectiles/cosmosflask.cs
Armor/terramaidbonnet.cs
Armor/terramaidbonnet.png
Projectiles/cosmosflask.png
Projectiles/ExodusProj.png
Projectiles/CotuGems.cs
Projectiles/fateproj.cs
Projectiles/FKnife.png
Projectiles/fractalproj.cs
Projectiles/fateproj.png
Items/manacharm2.cs
Projectiles/featherproj.cs
Items/manacharm2.png
Projectiles/featherproj.png
Items/ManaConverter.cs
Items/nuclearfission.cs
Projectiles/fieryflask.cs
Items/nuclearfission.png
Projectiles/fieryflask.png
Items/obsidianscale.cs
Projectiles/Finality.cs
Items/obsidianscale.png
Projectiles/Finality.png
Items/OmegaFixedPoint.cs
Projectiles/FKnife.cs
Armor/terramaidbonnet_Head.png
Items/OmegaFixedPoint.png
Armor/terramaiddress.cs
Armor/terramaiddress.png
Items/OmegaFixedPoint_Wings.png
Items/orbbag.cs
Items/orbbag.png
Items/orbmask.cs
Items/orbmask.png
Armor/galacticusheadgear_Head.png
Armor/terramaiddress_Arms.png
Armor/starlighthazmatbody.cs
Armor/starlighthazmatbody.png
Projectiles/fractalproj.png
Projectiles/FractProj.cs
Items/orbmask_Head.png
Projectiles/FractProj.png
Items/overkill.cs
NPCs/worm/starlighttail.png
NPCs/worm/starlightworm.cs
Items/overkill.png
Items/PinkSoulCanister.cs
Armor/starlighthazmatbody_Arms.png
Items/PinkSoulCanister.png
Armor/terramaiddress_Body.png
Items/planterabulb.cs
Armor/terramaidshoes.cs
Armor/terramaidshoes.png
Items/planterabulb.png
Items/PlasmicArrow.cs
Projectiles/FragmentedChip.cs
Projectiles/ghammerproj.png
Items/PlasmicArrow.png
Projectiles/FragmentedChip.png
Projectiles/GhastlyEssence.cs
Items/PlasmicArrowProj.cs
Projectiles/GhastlyEssence.png
Projectiles/gkatanaproj.cs
Projectiles/franciumflask.cs
Items/PlasmicArrowProj.png
Projectiles/franciumflask.png
Projectiles/galacflask.cs
Projectiles/galacticusproj.png
Projectiles/galacflask.png
Projectiles/gem1.cs
Projectiles/galacticusarrow.cs
Projectiles/gem1.png
Projectiles/galacticusarrow.png
Projectiles/gem2.cs
Projectiles/gem2.png
Armor/starlighthazmatbody_Body.png
Projectiles/galacticusblades.cs
Armor/universalhead.cs
Projectiles/gem3.cs
Projectiles/galacticusblades.png
Armor/universalhead.png
Projectiles/gem3.png
Projectiles/galacticusproj.cs
Projectiles/gem4.cs
Projectiles/hallowedyoyoproj.png
Projectiles/gem4.png
Items/plasmicbar.cs
Projectiles/handheldnukeproj.cs
Projectiles/gem5.cs
Items/plasmicbar.png
Projectiles/gem5.png
Items/plasmicbartile.cs
Projectiles/handheldnukeproj.png
Projectiles/gem6.cs
Projectiles/harpyflask.cs
Items/Weapons/Alchemy/liquidcopperflask.cs
Projectiles/gem6.png
Projectiles/harpyflask.png
Items/Weapons/Alchemy/liquidcopperflask.png
Projectiles/gem7.cs
Items/Weapons/Alchemy/liquidgoldflask.cs
Projectiles/HBlaster.cs
Projectiles/gem7.png
Projectiles/ghammerproj.cs
Projectiles/hostilenuke.png
Projectiles/HyperBeam.cs
Projectiles/HyperBeam.png
Projectiles/iceflask.cs
Projectiles/iceflask.png
Projectiles/ironflask.cs
Projectiles/ironflask.png
Projectiles/IShard.cs
Projectiles/IShard.png
Projectiles/IStarProj.cs
Projectiles/IStarProj.png
Projectiles/JPaw.cs
Projectiles/JPaw.png
Projectiles/lacproj.cs
Projectiles/lacproj.png
Projectiles/leadflask.cs
Projectiles/leadflask.png
Items/Weapons/Alchemy/liquidgoldflask.png
Projectiles/LecheryProj.cs
Items/Weapons/Alchemy/liquidiceflask.cs
Projectiles/LecheryProj.png
Items/Weapons/Alchemy/liquidiceflask.png
Projectiles/lightflask.cs
Items/Weapons/Alchemy/liquidironflask.cs
Projectiles/lightflask.png
Items/Weapons/Alchemy/liquidironflask.png
Items/Weapons/Alchemy/liquidleadflask.cs
Projectiles/Lightning.cs
Projectiles/Lightning.png
Items/Weapons/Alchemy/liquidleadflask.png
Projectiles/lreaper.cs
Items/Weapons/Alchemy/liquidmythrilflask.cs
Items/Weapons/Alchemy/liquidmythrilflask.png
Projectiles/lreaper.png
Items/Weapons/Alchemy/liquidorichalcumflask.cs
Items/plasmicbartile.png
Items/Weapons/Alchemy/liquidorichalcumflask.png
Items/PlasmicEmblem.cs
Items/Weapons/Alchemy/liquidpalladiumflask.cs
Items/Weapons/Alchemy/liquidpalladiumflask.png
Items/PlasmicEmblem.png
Items/PlasmicQuiver.cs
Items/Weapons/Alchemy/liquidplatinumflask.cs
Items/PlasmicQuiver.png
Armor/universalhead_Head.png
Items/plasmicspirit.cs
Armor/hmore/adamantitegoggles.cs
Items/Weapons/Alchemy/liquidplatinumflask.png
Armor/universallegs.cs
Items/Weapons/Alchemy/liquidsilverflask.cs
Armor/hmore/adamantitegoggles.png
Armor/universallegs.png
Items/Weapons/Alchemy/liquidsilverflask.png
Items/Weapons/Alchemy/liquidtinflask.cs
Items/Weapons/Alchemy/liquidtinflask.png
Items/Weapons/Alchemy/liquidtitaniumflask.cs
Items/Weapons/Alchemy/liquidtitaniumflask.png
Items/Weapons/Alchemy/liquidtungstenflask.cs
Items/Weapons/Alchemy/liquidtungstenflask.png
Items/Weapons/Alchemy/magmaflask.cs
Items/Weapons/Alchemy/magmaflask.png
Items/Weapons/Alchemy/mahoganysolution.cs
Items/Weapons/Alchemy/mahoganysolution.png
Armor/hmore/adamantitegoggles_Head.png
Items/Weapons/Alchemy/moonlightsolution.cs
Armor/hmore/chlorophytegoggles.cs
Items/Weapons/Alchemy/moonlightsolution.png
Armor/hmore/chlorophytegoggles.png
Items/Weapons/Alchemy/primordialflask.cs
Items/Weapons/Alchemy/primordialflask.png
Items/Weapons/Alchemy/radioactiveflask.cs
Items/Weapons/Alchemy/radioactiveflask.png
Items/Weapons/Alchemy/scientificequipment.cs
Armor/universallegs_Legs.png
Armor/celestial/atomicgoggles.cs
Items/Weapons/Alchemy/scientificequipment.png
Items/Weapons/Alchemy/spiritsolution.cs
Armor/celestial/atomicgoggles.png
Items/Weapons/Alchemy/spiritsolution.png
Items/Weapons/Alchemy/stardustflask.cs
Items/Weapons/Alchemy/stardustflask.png
Armor/hmore/chlorophytegoggles_Head.png
Items/Weapons/Alchemy/starlightflask.cs
Armor/hmore/cobaltgoggles.cs
Armor/hmore/cobaltgoggles.png
Items/Weapons/Alchemy/starlightflask.png
Items/plasmicspirit.png
Items/Weapons/Alchemy/starshatterer.cs
Items/purifieduranium.cs
Items/purifieduranium.png
Items/Weapons/Alchemy/starshatterer.png
Items/Weapons/Alchemy/terraflask.cs
Items/Weapons/Alchemy/terraflask.png
Items/Weapons/Alchemy/truegloomflask.cs
Items/Weapons/Alchemy/truegloomflask.png
Items/Weapons/Alchemy/trueholyflask.cs
Items/Weapons/Alchemy/trueholyflask.png
Items/Weapons/Alchemy/vileofwater.cs
Armor/hmore/cobaltgoggles_Head.png
Armor/hmore/hallowedgoggles.cs
Armor/hmore/hallowedgoggles.png
Armor/celestial/atomicgoggles_Head.png
Armor/celestial/atomicjacket.cs
Projectiles/gkatanaproj.png
Armor/celestial/atomicjacket.png
Projectiles/goldflask.cs
Projectiles/goldflask.png
Items/Weapons/Alchemy/vileofwater.png
Items/Weapons/Alchemy/woodensolution.cs
Projectiles/green.cs
Armor/cosmicbreastplate_Arms.png
Items/Weapons/Alchemy/woodensolution.png
Projectiles/green.png
Items/Weapons/Alchemy/zenithflask.cs
Projectiles/hallowedflask.cs
Armor/hmore/hallowedgoggles_Head.png
Items/Weapons/Alchemy/zenithflask.png
Projectiles/hallowedflask.png
Items/purplecosmicore.cs
Projectiles/hallowedyoyoproj.cs
Items/purplecosmicore.png
Items/purplecosmicoretile.cs
Projectiles/mythrilshard.png
Projectiles/nebula.cs
Projectiles/nebula.png
Projectiles/nightsyoyoproj.cs
Armor/cosmicbreastplate_Body.png
Armor/hmore/orichalcumgoggles.cs
Projectiles/HBlaster.png
Armor/hmore/orichalcumgoggles.png
Projectiles/HBullet.cs
Armor/hmore/mythrilgoggles.cs
Items/Weapons/Alchemy/celestial/atomfragment.cs
Projectiles/HBullet.png
Items/Weapons/Alchemy/celestial/atomfragment.png
Armor/hmore/mythrilgoggles.png
Items/maskfragment.cs
Projectiles/hellstoneflask.cs
Items/Weapons/Alchemy/celestial/AtomFragmentBlock.cs
Items/Weapons/terraknives.png
Items/Weapons/terramutilator.cs
Armor/celestial/atomicjacket_Arms.png
Projectiles/medgeproj.cs
Armor/hmore/orichalcumgoggles_Head.png
Armor/hmore/palladiumgoggles.cs
Items/Weapons/vortexblaster.cs
Armor/cosmicleggings_Legs.png
Armor/starlighthazmatlegs.cs
Items/Weapons/Alchemy/celestial/atompickaxe.png
Armor/starlighthazmatlegs.png
Items/Weapons/Alchemy/celestial/liquidfranciumflask.cs
Items/Weapons/Alchemy/celestial/liquidfranciumflask.png
Items/purplecosmicoretile.png
Items/Weapons/Alchemy/celestial/liquidnitrogenflask.cs
Items/PurpleSoulCanister.cs
Items/Weapons/Alchemy/celestial/liquidnitrogenflask.png
Items/PurpleSoulCanister.png
Items/QuantumCore.cs
EnchantedDust.png
Armor/aurealisbody_Arms.png
Armor/oceanic/oceanichelmet.cs
Armor/starlighthazmatlegs_Legs.png
EXPlayer.cs
Armor/hmore/mythrilgoggles_Head.png
Armor/darkslegs_Legs.png
Armor/galacticusboots.cs
Items/Weapons/Boss/AscendentSpirit.cs
Items/QuantumCore.png
Items/radiatedmaterial.cs
Items/Weapons/Boss/AscendentSpirit.png
Items/radiatedmaterial.png
Items/radiatedmaterialtile.cs
Overkill/KingSlime.png
Items/Weapons/Boss/BoneZone.cs
Items/Weapons/Boss/BoneZone.png
Projectiles/oneproj.png
Projectiles/OProbe.cs
Projectiles/nightsyoyoproj.png
Projectiles/nitrogenflask.cs
Projectiles/hellstoneflask.png
Projectiles/homingstar.cs
Items/Weapons/vortexblaster.png
Armor/hmore/palladiumgoggles.png
Items/Weapons/vortexstaff.cs
Items/Weapons/Alchemy/celestial/AtomFragmentBlock.png
Projectiles/medgeproj.png
Items/Weapons/Alchemy/celestial/AtomFragmentTile.cs
Projectiles/moonflask.cs
Projectiles/moonflask.png
Projectiles/mythrilflask.cs
Projectiles/mythrilflask.png
Projectiles/mythrilshard.cs
Projectiles/orichalcumflask.png
Projectiles/palladiumflask.cs
Projectiles/palladiumflask.png
Projectiles/platinumflask.cs
Items/radiatedmaterialtile.png
Items/radiationcharm.cs
Items/ManaConverter.png
Items/Weapons/Alchemy/celestial/AtomFragmentTile.png
Items/Weapons/terramutilator.png
Items/Weapons/Alchemy/celestial/atomhamaxe.cs
Items/radioactivebooster.cs
Items/miniaturereactor.png
Items/mixedvile.cs
Armor/Throwing/HallowedHeadband_Head.png
Armor/Throwing/MythrilHeadband.cs
Projectiles/AttrocityFlask.png
Projectiles/balancedproj.cs
Armor/aurealisbody_Body.png
Items/Weapons/tomdaemoniumscriptor.png
Armor/aurealiscrown.cs
Armor/terramaidshoes_Legs.png
Armor/universalbody.cs
Items/Weapons/Boss/CorruptedOrb.cs
Armor/celestial/atomicjacket_Body.png
Armor/celestial/atomicslides.cs
Armor/Throwing/CobaltHeadband.png
Armor/oceanic/oceanichelmet.png
Armor/oceanic/oceanichelmet_Head.png
Armor/Throwing/AdamantiteHeadband.cs
Armor/darkschestplate_Arms.png
Armor/Throwing/Celestial/SupernovaeHeadband.cs
Armor/Throwing/Celestial/SupernovaeChestplate_Body.png
Armor/Throwing/Celestial/SupernovaeGreaves.cs
Armor/Throwing/AdamantiteHeadband.png
Armor/Throwing/Celestial/SupernovaeHeadband.png
Armor/galacticusboots.png
Buffs/CongBuff.png
Buffs/cosmicgem.cs
Buffs/cosmicgem.png
Buffs/crushing.cs
Buffs/crushing.png
Buffs/CSentryBuff.cs
Buffs/CSentryBuff.png
Buffs/DestroyerBuff.cs
Armor/Throwing/Celestial/SupernovaeHeadband_Head.png
Buffs/AcornBuff.cs
Armor/universalbody.png
Items/Weapons/Alchemy/celestial/atomhamaxe.png
Items/Weapons/Alchemy/celestial/atompickaxe.cs
Items/radiationcharm.png
Buffs/DestroyerBuff.png
Projectiles/OProbe.png
Projectiles/nitrogenflask.png
Buffs/Electrified.cs
Projectiles/nuclearsign.cs
Projectiles/orichalcumflask.cs
Projectiles/balancedproj.png
Projectiles/blank.cs
Items/Weapons/Boss/Electrolysis.png
Items/Weapons/Boss/EmotionalOutburst.cs
Armor/aurealiscrown.png
Armor/Throwing/MythrilHeadband.png
Items/mixedvile.png
Items/Weapons/Boss/CrystalizedSoulStimulants.png
Items/Weapons/Boss/Electrolysis.cs
Armor/Throwing/Celestial/SupernovaeGreaves.png
Buffs/AcornBuff.png
Items/lifefruit.png
Items/Weapons/Boss/EmotionalOutburst.png
Items/Weapons/Boss/EyeTome.cs
Items/radioactivebooster_Wings.png
Items/radioactivevile.cs
Items/Weapons/vortexstaff.png
Items/Weapons/warrior.cs
Projectiles/platinumflask.png
Projectiles/priflask.cs
Armor/universalbody_Arms.png
Projectiles/homingstar.png
Projectiles/honeyflask.cs
Projectiles/honeyflask.png
Projectiles/hostilenuke.cs
Projectiles/SBlade.cs
Projectiles/SBlade.png
Projectiles/SBolt.cs
Projectiles/SBolt.png
Armor/hmore/palladiumgoggles_Head.png
Projectiles/silverflask.cs
Armor/hmore/titaniumgoggles.cs
Projectiles/silverflask.png
elders.png
Armor/hmore/titaniumgoggles.png
Projectiles/Singularity.cs
Armor/Throwing/CobaltHeadband_Head.png
Armor/Throwing/HallowedHeadband.cs
Items/Weapons/Boss/CorruptedOrb.png
Items/radioactivebooster.png
Items/Weapons/Boss/CrystalizedSoulStimulants.cs
Armor/celestial/atomicslides.png
Armor/Throwing/AdamantiteHeadband_Head.png
Armor/Throwing/ChlorophyteHeadband.cs
Items/Weapons/Boss/KingSlimeSword.png
Items/Weapons/Boss/EyeTome.png
Items/Weapons/Boss/FocusingBeam.cs
Items/Weapons/Boss/LargeEye.cs
Projectiles/refractioncrystal.png
Buffs/LilReaper.png
Items/Weapons/Boss/FocusingBeam.png
Items/Weapons/Boss/LargeEye.png
Items/Weapons/Boss/ForceOfTheCosmos.cs
Buffs/LunarCurse.png
Buffs/NatureBuff.cs
Items/Weapons/Boss/Nucleation.cs
Projectiles/refractionprism.png
Projectiles/ritual.cs
Buffs/NatureBuff.png
Items/Weapons/postglii/highnoon.png
Items/Weapons/Boss/Nucleation.png
Buffs/OSentryBuff.cs
Items/Weapons/postglii/refraction.cs
Items/Weapons/Boss/SavingGrace.cs
Projectiles/Singularity.png
Buffs/OSentryBuff.png
Items/Weapons/postglii/refraction.png
Buffs/PDaggerBuff.cs
Items/Weapons/Boss/SavingGrace.png
Projectiles/solar.cs
Items/Weapons/Summon/AtomStaff.cs
Buffs/PDaggerBuff.png
Projectiles/solar.png
Buffs/Prismatised.cs
Items/Weapons/Summon/AtomStaff.png
Projectiles/SoulArrowProj.cs
Armor/hmore/titaniumgoggles_Head.png
Armor/oceanic/oceanicboots.cs
Armor/oceanic/oceanicboots.png
Items/Weapons/Summon/BlazingStaff.cs
Projectiles/priflask.png
Items/Weapons/Summon/BlazingStaff.png
Items/Weapons/Summon/BoneStaff.cs
Projectiles/PrismaticaBeam.cs
Items/Weapons/Summon/BoneStaff.png
Items/Weapons/Summon/BorealStaff.cs
Armor/oceanic/oceanicboots_Legs.png
Armor/universalbody_Body.png
Buffs/radiationbuff.cs
Armor/oceanic/oceanicchestplate.cs
Items/Weapons/Boss/SolarCrystal.cs
Buffs/BrokenWings.png
Projectiles/nuclearsign.png
Items/Weapons/Boss/SolarCrystal.png
Projectiles/PrismaticaBeam.png
Projectiles/nuke.cs
Items/Weapons/Boss/SoulforgedDecimator.cs
Projectiles/PrismaticaProj.cs
Items/Weapons/Boss/ForceOfTheCosmos.png
Buffs/Prismatised.png
Buffs/radbuff.cs
Items/Weapons/Boss/GalacticBaton.cs
Buffs/radbuff.png
Buffs/TSentryBuff.cs
Armor/oceanic/oceanicchestplate.png
Projectiles/nuke.png
Buffs/TSentryBuff.png
Buffs/Electrified.png
Buffs/univcooldown.cs
Buffs/FeatherBuff.cs
Items/Weapons/Boss/GalacticBaton.png
Buffs/univcooldown.png
Items/Weapons/Boss/handheldnuke.cs
Buffs/radiationbuff.png
Items/Weapons/Boss/handheldnuke.png
Buffs/FeatherBuff.png
Buffs/FragBuff.cs
Items/Weapons/Boss/HandheldVice.cs
Buffs/BuffTemplate.png
Buffs/USentryBuff.cs
Projectiles/OLaser.cs
Buffs/CongBuff.cs
Buffs/Reaped.cs
Armor/oceanic/oceanicchestplate_Arms.png
Items/Weapons/Boss/HarpyFeather.png
Projectiles/realityproj.png
Items/Weapons/Boss/HoneyGlazedPistol.cs
Projectiles/red.cs
Items/sdeathfrag1.png
Items/Mutated.png
Items/radioactivevile.png
Items/RainbowSoulCanister.cs
Items/mysticalfeather.cs
Items/sdeathfrag2.cs
Items/royaljelly.png
Items/sdeathfrag1.cs
Armor/Throwing/MythrilHeadband_Head.png
Armor/Throwing/OrichalcumHeadband.cs
Armor/aurealiscrown_Head.png
Items/ancientflames.cs
Armor/Throwing/Celestial/SupernovaeGreaves_Legs.png
Items/aqualiteoretile.cs
Armor/Throwing/HallowedHeadband.png
Armor/Throwing/ChlorophyteHeadband.png
Items/Weapons/Cards/ClubsItem90.png
Items/sdeathfrag3.png
Items/sdeathfrag4.cs
Items/Weapons/Cards/DiamondsItem.png
Items/sdeathfrag4.png
Items/shadowflameessece.cs
Items/atomicbooster_Wings.png
Items/Weapons/Cards/DiamondsItem90.png
Items/aurealisbar.cs
Items/sheildofnature.png
Items/shieldoflife.cs
Items/Weapons/Cards/HeartsItem.png
Armor/celestial/atomicslides_Legs.png
Armor/Throwing/ChlorophyteHeadband_Head.png
Armor/Throwing/CobaltHeadband.cs
Items/brokenacnienttome.cs
Items/aurealisbar.png
Projectiles/SoulArrowProj.png
Projectiles/PrismaticaProj.png
Projectiles/SoulEssence.cs
Projectiles/prismproj.cs
Projectiles/SoulEssence.png
Projectiles/ritual.png
Projectiles/prismproj.png
Projectiles/RitualHoldout.cs
Projectiles/soulreaperproj.cs
Projectiles/purplenuclaersign.cs
Projectiles/RitualHoldout.png
Projectiles/purplenuclearsign.png
Projectiles/soulreaperproj.png
Projectiles/sapling.cs
Projectiles/realityproj.cs
Projectiles/starlightorb.cs
Items/aurealisbartile.cs
Items/shieldoflife.png
Items/sdeathfrag2.png
Buffs/Reaped.png
Buffs/SentryBuff.cs
Items/sdeathfrag3.cs
Items/aurealisbartile.png
Items/shieldofterraria.cs
Items/aurealisore.cs
Buffs/SentryBuff.png
Buffs/ShardBuff.cs
Items/shieldofterraria.png
Items/aurealisore.png
Items/slimebag.png
Items/aurealisoretile.cs
Items/shiftingsquares.cs
Buffs/ShardBuff.png
Items/Weapons/Boss/SoulforgedDecimator.png
Items/burninghamaxe.cs
Items/SolarBullet.cs
Items/Weapons/Boss/SoulforgedSpear.cs
Items/Weapons/Summon/BorealStaff.png
Buffs/SkullBuff.cs
Projectiles/spearproj.cs
Items/brokenacnienttome.png
Items/Weapons/Summon/Commander.cs
Items/brokenherobar.cs
Buffs/SkullBuff.png
Projectiles/spearproj.png
Buffs/SlimeBuff.cs
Items/Weapons/Summon/Commander.png
Items/brokenherobar.png
Projectiles/spiritflask.cs
Items/brokenplating.cs
Items/Weapons/Summon/CursedTurret.cs
Buffs/SlimeBuff.png
Buffs/StarBuff.cs
Projectiles/spiritflask.png
Items/brokenplating.png
Items/shiftingsquares.png
Items/brokenplatingtile.cs
Items/slimebag.cs
Buffs/StarBuff.png
Projectiles/star.cs
Buffs/terrainferno.cs
Armor/Throwing/OrichalcumHeadband.png
Items/Weapons/Summon/CursedTurret.png
Items/SoulArrow.png
Items/SoulBullet.cs
Items/SoulBullet.png
Items/SoulBulletProj.cs
Items/Weapons/Summon/FeatherStaff.cs
Items/SoulBulletProj.png
Items/SoulforgedCrystal.cs
Items/brokenplatingtile.png
Items/burningbar.cs
Armor/Throwing/OrichalcumHeadband_Head.png
Armor/Throwing/PalladiumHeadband.cs
Items/Weapons/Summon/FeatherStaff.png
Items/Weapons/Summon/GalacticStaff.cs
Buffs/FragBuff.png
Buffs/FrigidDefeat.cs
Projectiles/red.png
Projectiles/rednuclearsign.cs
Armor/oceanic/oceanicchestplate_Body.png
Items/RainbowSoulCanister.png
Items/shadowflameessece.png
ExtraTextures/glheart.png
Items/ShardOfTheCosmos.cs
Items/RangerEnhancement.cs
Projectiles/OLaser.png
Projectiles/OmegaProj.cs
Items/Weapons/Boss/HandheldVice.png
Items/Weapons/Boss/HardenedChlorophyll.cs
Projectiles/OmegaProj.png
Projectiles/oneproj.cs
Items/Weapons/Boss/HardenedClorophyll.png
Projectiles/supernovashockerproj.cs
Items/Weapons/Boss/HarpyFeather.cs
Buffs/USentryBuff.png
Buffs/VelocityBuff.cs
Items/Weapons/Summon/IonizedStaff.png
Items/Weapons/Summon/MechwormStaff.cs
Projectiles/supernovashockerproj.png
Projectiles/SuSpear.cs
Buffs/VelocityBuff.png
Items/Weapons/Boss/HoneyGlazedPistol.png
Dusts/terraflames.cs
Items/Weapons/Boss/KingSlimeSword.cs
Items/ancientflames.png
Projectiles/rednuclearsign.png
Items/aqualitebar.cs
Items/aqualitebar.png
Projectiles/refractionbeam.cs
Items/aqualitebartile.cs
Items/aqualitebartile.png
Items/aqualiteore.cs
Projectiles/refractionbeam.png
Items/aqualiteore.png
Projectiles/refractioncrystal.cs
Items/CoreofTheUniverse.cs
Projectiles/terrapflask.cs
Projectiles/terrapflask.png
Items/CoreofTheUniverse.png
Projectiles/terrayoyoproj.cs
Dusts/terraflames.png
ExtraTextures/BlueMoon.png
ExtraTextures/cheart.png
Items/aqualiteoretile.png
Items/aqualitepickaxe.cs
Items/aqualitepickaxe.png
Items/AstralCore.cs
Items/AstralCore.png
Items/atomicbooster.cs
Items/atomicbooster.png
Items/CosmicButterfly.png
Items/cosmiccharm.cs
Items/cosmiccharm.png
ExtraTextures/COTUEye.png
Items/cosmicheart.cs
ExtraTextures/crheart.png
Buffs/FrigidDefeat.png
Buffs/GalacBuff.cs
Projectiles/sapling.png
Items/Weapons/Boss/SoulforgedSpear.png
Projectiles/starlightorb.png
Projectiles/starlightsolution.cs
Projectiles/tlacproj.cs
Items/Weapons/Boss/StarlightSnake.cs
Items/SolarBullet.png
Projectiles/starlightsolution.png
Items/aurealisoretile.png
Items/SolarBulletProj.cs
Items/aurealisshield.cs
Projectiles/tlacproj.png
Items/Weapons/Boss/StarlightSnake.png
Projectiles/truehallowedyoyoproj.cs
Items/Weapons/Boss/StarOfTranscendence.cs
Items/mysticalfeather.png
Items/burninghamaxe.png
Buffs/terrainferno.png
Items/Weapons/Cards/HeartsItem90.png
Projectiles/star.png
Items/cosmicwings.cs
Projectiles/StarBlue.cs
ExtraTextures/dheart.png
Items/SolarBulletProj.png
Items/nebulascale.cs
Items/SoulforgedCrystal.png
ExtraTextures/gheart.png
Items/SorceryRing.cs
Items/SoulFracture.cs
Armor/Throwing/PalladiumHeadband.png
Items/Weapons/Summon/GalacticStaff.png
Items/Weapons/Summon/IceCommander.cs
Items/Weapons/Summon/MechwormStaff.png
Items/Weapons/Summon/IceCommander.png
Items/Weapons/Summon/OnyxTurret.cs
Items/Weapons/Summon/IcyStaff.cs
Items/burningbar.png
Items/Weapons/Summon/OnyxTurret.png
Items/burningbartile.cs
Items/Weapons/Summon/PastelStaff.cs
Projectiles/terrayoyoproj.png
Items/ShardOfTheCosmos.png
Items/Weapons/Summon/UraniumStaff.png
Projectiles/thereaperproj.cs
Items/sheildofnature.cs
Items/Weapons/Tech/AdAstra.cs
Armor/Throwing/PalladiumHeadband_Head.png
Armor/Throwing/TitaniumHeadband.cs
Items/ChampionsCup.png
Items/charmofbones.cs
Projectiles/starlightyoyoproj.cs
Items/Weapons/Cards/SpadesItem.png
Items/cosmicheart.png
Items/burningore.cs
Items/cosmicjelly.cs
Items/Weapons/Summon/IcyStaff.png
Items/Weapons/Summon/IonizedStaff.cs
Items/CoreofTheUniverse_Wings.png
Items/corruptvile.cs
Items/RangerEnhancement.png
Items/aurealisshield.png
Buffs/GalacBuff.png
Projectiles/truehallowedyoyoproj.png
Buffs/IceBuff.cs
Items/Weapons/Boss/StarOfTranscendence.png
Items/ReapersEye.cs
Projectiles/truemelee.cs
Items/cosmicwings.png
Projectiles/StarBlue.png
Items/Weapons/Cards/SpadesItem90.png
Projectiles/stardflask.cs
Items/nebulascale.png
Items/Weapons/postglii/aleph0.cs
Projectiles/stardflask.png
Items/starlightbeacon.png
Items/starlightfragment.cs
Projectiles/stardust.cs
Items/starlightfragment.png
Projectiles/stardust.png
Projectiles/starflask.cs
Items/starlightmeteor.cs
Projectiles/starflask.png
Items/cosmicwings_Wings.png
Items/starlightmeteor.png
Projectiles/starlightknife.cs
Items/starlightmeteortile.cs
Items/Weapons/postglii/aleph0.png
Items/Weapons/postglii/blackwidow.cs
Buffs/IceBuff.png
Projectiles/SuSpear.png
Buffs/Inferno.cs
Items/Weapons/Tech/AdAstra.png
Items/Weapons/Cards/CardWeapons.cs
Projectiles/SYoyoProj.cs
Items/Weapons/Cards/ClubsAce.cs
Items/Weapons/Tech/BioWeapon.cs
Buffs/Inferno.png
Buffs/LilReaper.cs
Items/demonheart.cs
Items/cosmosbreaker.cs
Items/SoulFracture.png
Items/Weapons/Cards/ClubsItem.png
Items/soulfragment.cs
Items/cosmosbreaker.png
Items/Weapons/Throwing/GoldenStar.png
Items/aurealiswings.cs
Items/Weapons/Throwing/HolyDagger.cs
Items/soulfragment.png
Items/SoulSteel.cs
Items/Weapons/Summon/PastelStaff.png
Projectiles/SYoyoProj.png
Items/burningbartile.png
Items/burningdrill.cs
Items/Weapons/Summon/SentryTurret.cs
Items/SoulSteel.png
Items/burningdrill.png
Items/Weapons/Summon/SentryTurret.png
Items/burningdrill2.cs
Items/Weapons/Summon/StarlightStaff.cs
Armor/Throwing/TitaniumHeadband.png
Items/starforgeitem.png
Projectiles/starlightyoyoproj.png
Projectiles/thereaperproj.png
Items/starlightbag.cs
Projectiles/StarOrange.cs
Projectiles/thirdpoint.cs
Items/starforge.cs
Items/starlightbag.png
Items/starlightbar.cs
Projectiles/tedgeproj.cs
Items/SorceryRing.png
Items/corruptvile.png
Items/SoulArrow.cs
Items/Weapons/Tech/FinalDawn.png
Items/cosmicbar.cs
Items/Weapons/Tech/Heavenpeircer.cs
ExtraTextures/HeartOriginal.png
Projectiles/StarOrange.png
Projectiles/thirdpoint.png
Projectiles/stormproj.cs
Armor/Throwing/TitaniumHeadband_Head.png
Projectiles/tinflask.cs
Items/crimsonvile.cs
Items/cultistscale.png
Armor/Throwing/Celestial/SupernovaeChestplate.cs
Items/cultistspirit.cs
Items/burningore.png
Items/charmofbones.png
Projectiles/starlightknife.png
Items/Weapons/postglii/blackwidow.png
Projectiles/vortex.cs
Items/Weapons/postglii/celestus.cs
Items/ReapersEye.png
Projectiles/truemelee.png
Items/redbutton.cs
Projectiles/truenightshammerproj.cs
Items/Weapons/Tech/BioWeapon.png
Items/starlightbar.png
Items/demonheart.png
Items/DemonicCore.cs
Items/starlightbartile.cs
Items/Weapons/Tech/Electromagnetism.cs
Items/DemonicCore.png
Items/starlightbartile.png
Items/Weapons/Tech/Electromagnetism.png
Items/DemonicEmblem.cs
Items/cosmicbar.png
Items/starlightbeacon.cs
Items/Weapons/Tech/FinalDawn.cs
Items/cosmicbartile.cs
Items/DemonicEmblem.png
Items/SummonersCard.png
Items/Weapons/Throwing/NightsStabber.png
Items/Weapons/Throwing/OrichalcumSpear.cs
Items/Summontest.cs
Items/starlightmeteortile.png
Items/starlightpickaxe.cs
Items/demonicessence.cs
Items/aurealiswings.png
Items/burningdrill2.png
Items/Weapons/Throwing/HolyDagger.png
Items/DivineOrb.png
Items/Weapons/Throwing/IcySickle.cs
Items/DivineWrath.cs
Items/Weapons/Throwing/IcySickle.png
Items/Weapons/Summon/StarlightStaff.png
Items/DivineWrath.png
Items/DragonScale.cs
Items/Weapons/Throwing/InfernalKunai.cs
Items/DragonScale.png
Items/Weapons/Summon/TerraTurret.cs
Items/EclipseEssence.cs
Items/Weapons/Throwing/InfernalKunai.png
Items/Weapons/Summon/TerraTurret.png
Items/EclipseEssence.png
Items/electricwire.cs
Items/aurealiswings_Wings.png
Items/Weapons/Summon/UltimaTurret.cs
Items/bell.cs
Items/cosmicbartile.png
Items/starforge.png
Items/cosmicbuff.cs
Items/cosmicjelly.png
Items/starforgeitem.cs
Items/crimsonvile.png
Items/cosmicpebble.cs
Items/crystalineboots.cs
Items/cosmicbuff.png
Items/terrasteeltile.png
Items/cosmicbullet.cs
Items/thescarf.cs
Items/crystalineboots.png
Items/cosmicbullet.png
Items/burningoretile.cs
Items/cosmicpebble.png
Items/CosmicRythms.cs
Items/Weapons/Throwing/OrichalcumSpear.png
Items/Weapons/Tech/Heavenpeircer.png
Items/starlightsolution.png
Items/starlightstone.cs
Items/Weapons/Tech/MetallicPlating.cs
Items/Weapons/Throwing/IronSpear.cs
Items/Weapons/Throwing/PalladiumDagger.cs
Items/starlightstone.png
Items/starlightstonetile.cs
Items/Weapons/Tech/MetallicPlating.png
Items/Weapons/Throwing/AdamantiteAxe.cs
Armor/Throwing/Celestial/SupernovaeChestplate.png
ExtraTextures/HeartOriginal2.png
Projectiles/tinflask.png
Projectiles/tedgeproj.png
Projectiles/titaniumflask.cs
Projectiles/terraarrow.cs
Projectiles/titaniumflask.png
Projectiles/terraarrow.png
Projectiles/stormproj.png
Projectiles/titaniumknife.cs
Projectiles/terradiskproj.cs
Projectiles/SuperclusterYoyoProj.cs
Items/redbutton.png
Projectiles/truenightshammerproj.png
Items/cultistspirit.png
Items/redcosmicore.cs
Items/cultistssigil.cs
Projectiles/truenightsyoyoproj.cs
Items/cosmicbulletproj.cs
Items/CrystalineDivinity.cs
Items/cosmicbulletproj.png
Items/CosmicButterfly.cs
Items/EnergeticPlasma.png
Items/eoctoken.cs
Items/CrystalineDivinity.png
Items/eoctoken.png
Items/essenceofdestruction.cs
Items/Summontest.png
Items/SuperchargedCrystal.cs
Items/Weapons/Summon/UltimaTurret.png
Items/starlightpickaxe.png
Items/starlightscarf.cs
Items/SuperchargedCrystal.png
Items/Weapons/Summon/UraniumStaff.cs
Items/starlightscarf.png
Items/SuperclusterCrystal.cs
Items/Weapons/Throwing/StarlightEssence.png
Items/Weapons/Throwing/supernovashocker.cs
Items/SuperclusterCrystal.png
Items/starlightsmelter.png
Items/SuperclusterFragment.cs
Items/starlightsmeltertile.cs
Items/burningoretile.png
Items/burningpickaxe.cs
Items/bell.png
Items/electricwire.png
Items/CosmicRythms.png
Items/Beloved.cs
Items/demonicessence.png
Items/cultistssigil.png
Items/redcosmicore.png
Items/crystalizedfruit.cs
Items/demonicflames.cs
Projectiles/vortex.png
Items/redcosmicoretile.cs
Projectiles/waterflask.cs
Projectiles/SuperclusterYoyoProj.png
Projectiles/supernovaarrow.cs
Items/Weapons/Throwing/PalladiumDagger.png
Items/Weapons/Throwing/IronSpear.png
Items/Weapons/Throwing/PlatinumStar.cs
Items/CoalesscedColdness.cs
Items/Weapons/Throwing/LeadSpear.cs
Items/CosmicRythmsTile.cs
Items/thescarf.png
Armor/Throwing/Celestial/SupernovaeChestplate_Arms.png
Items/thesolarsystem.cs
Items/electrolizedgel.cs
Glowmasks/ExGalactica_Glow.png
Items/Weapons/Throwing/AdamantiteAxe.png
Items/Weapons/Throwing/BloodyEye.cs
Items/darkalloy.cs
Projectiles/titaniumknife.png
Projectiles/truenightsyoyoproj.png
Projectiles/terradiskproj.png
Projectiles/tKnife.cs
Projectiles/terraflame.cs
Projectiles/tungstenflask.cs
Items/darkalloy.png
Projectiles/tKnife.png
Items/darkhelmet.cs
Projectiles/terraflame.png
Projectiles/tungstenflask.png
Items/eyestooth.png
Projectiles/terraknife.cs
Projectiles/uraniumbullet.cs
Projectiles/uraniumbullet.png
Projectiles/Boss/ArmoredBone.png
Items/FelinesCharm.cs
Projectiles/terraknife.png
Items/darkhelmet.png
Projectiles/Boss/BlueberryHeart.cs
Items/Weapons/postglii/celestus.png
Items/CosmicRythmsTile.png
Projectiles/Boss/BlueberryHeart.png
Items/Weapons/postglii/grimreaper.cs
Items/cosmicshieldregen.cs
Projectiles/Boss/Border.cs
Projectiles/Boss/Border.png
Items/essenceofdestruction.png
Items/EtherealFlames.cs
Projectiles/Boss/ChocolateHeart.cs
Items/demonicflames.png
Items/demonicscale.cs
Projectiles/waterflask.png
Items/demonicscale.png
Projectiles/WhipProj.cs
Items/DemonicShard.cs
Projectiles/uraniumflask.cs
Items/FelinesCharm.png
Items/fireball.cs
Items/starlightstonetile.png
Items/electrolizedgel.png
Items/StarlightSummonersCard.cs
Items/electroorb.cs
Projectiles/WonderBeam.cs
Items/Weapons/Throwing/BloodyEye.png
Projectiles/WonderBeam.png
Items/Weapons/Throwing/CobaltDagger.cs
Items/SuperclusterFragment.png
Items/burningpickaxe.png
Items/targetpractice.cs
Items/catears.cs
Projectiles/woodflask.cs
Items/starlightsmeltertile.png
Projectiles/woodflask.png
Items/Weapons/Throwing/supernovashocker.png
Projectiles/zenithcrystal.cs
Items/starlightsmeltery.cs
Items/starlightsolution.cs
Items/redcosmicoretile.png
Items/Beloved.png
Glowmasks/HyperBlaster_1.png
Items/RitualOfChampions.cs
Items/BioCore.cs
Items/RitualOfChampions.png
Items/BioCore.png
Glowmasks/HyperBlaster_2.png
Items/BladePiece.cs
Items/royaljelly.cs
Items/Weapons/Throwing/TerraKnife.cs
Items/BladePiece.png
Items/universalessence.png
Glowmasks/HyperBlaster_3.png
Items/BlueTablet.cs
Items/Weapons/Throwing/TerraKnife.png
Items/uraniumbulletitem.cs
Glowmasks/HyperBlaster_4.png
Items/uraniumbulletitem.png
Items/BlueTablet.png
Items/VelocityPotion.cs
Glowmasks/HyperBlaster_5.png
Items/CoalesscedColdness.png
Projectiles/supernovaarrow.png
Items/Weapons/Throwing/LeadSpear.png
Items/Weapons/Throwing/PlatinumStar.png
Items/CombinedTail.cs
Projectiles/supernovaorb.cs
Items/Weapons/Throwing/MiniSingularity.cs
Items/Weapons/Throwing/PoisonousStinger.cs
Items/crystalizedfruit.png
Items/CombinedTail.png
Projectiles/supernovaorb.png
Items/cultistbag.cs
Items/Weapons/Throwing/MiniSingularity.png
Items/Weapons/Throwing/PoisonousStinger.png
Items/cultistbag.png
Items/Weapons/Throwing/MythrilSpear.cs
Items/Weapons/Throwing/THPlayer.cs
Items/Weapons/Throwing/PrismaticSpear.cs
Items/Weapons/Throwing/ThrowerEmblem.cs
Projectiles/Boss/JusticeSpear5.png
Items/galacticshard.png
Items/galacticsteroids.cs
Projectiles/zenithcrystal.png
Projectiles/Boss/LargeEye.png
Projectiles/Boss/MediumEye.cs
Projectiles/zenithyoyoproj.cs
Items/galacticsteroids.png
Items/galacticuscharm.cs
Projectiles/Boss/MediumEye.png
Items/galacticuscharm.png
Items/galaxitebar.cs
Projectiles/Boss/MiniEye.cs
Items/galaxitebar.png
Projectiles/zenithyoyoproj.png
Projectiles/Boss/MiniEye.png
Items/galaxitebartile.cs
Projectiles/zenithyoyoproj2.cs
Projectiles/Boss/ProbeLaser.cs
Items/CombinedTail_Back.png
Items/ConcentratedDarkMatter.cs
Projectiles/Boss/ElementLaser.png
Items/VelocityPotion.png
Projectiles/Boss/FallingStar.cs
Glowmasks/HyperBlaster_6.png
Items/WarriorEnhancement.cs
Projectiles/Boss/FallingStar.png
Glowmasks/HyperBlaster_7.png
Items/WarriorEnhancement.png
Items/cultistscale.cs
Items/WindEmblem.cs
Items/Weapons/Throwing/ThrowerEmblem.png
Items/darkhelmet_Head.png
Items/galaxitebartile.png
Projectiles/Boss/ChocolateHeart.png
Items/Weapons/Throwing/ThrowersSpear.cs
Items/EtherealFlames.png
Projectiles/Boss/Crystaline.cs
Items/explosivearrow.cs
Items/darksheart.cs
Projectiles/Boss/HKnife.cs
Items/DemonicShard.png
Items/Weapons/Throwing/CobaltDagger.png
Items/demonshorn.cs
Items/StarlightSummonersCard.png
Items/starlighttoothnecklace.cs
Items/Weapons/Throwing/CopperKunai.cs
Items/cosmicshieldregen.png
Items/Weapons/postglii/grimreaper.png
Projectiles/uraniumflask.png
Items/thesolarsystem.png
Items/targetpractice.png
Items/Weapons/postglii/highnoon.cs
Items/thespikeynecklace.cs
Items/terrariasheart.cs
Items/galaxitecrusher.cs
Projectiles/Boss/StrawberryHeart.cs
Items/catears.png
Items/TrueFlask.png
Items/WindEmblem.png
Items/fireball.png
Items/WindEssence.cs
Items/TrueSummonersCard.cs
Items/FractureBag.cs
Items/WindEssence.png
Items/Weapons/Throwing/TrueHolyDagger.png
Items/TrueSummonersCard.png
Items/FractureBag.png
Items/galacticaibag.cs
Items/Weapons/Throwing/TrueNightsStabber.cs
Items/TrueVoodooDoll.cs
Items/electroorb.png
Items/thespikeynecklace.png
Items/Weapons/Throwing/CopperKunai.png
Items/terrariasheart.png
Items/enchantedstar.cs
Items/terrasteel.cs
Items/Weapons/Throwing/MythrilSpear.png
Items/galaxitecrusher.png
Items/Weapons/Throwing/PrismaticSpear.png
Items/terrasteel.png
Items/thespikeyscarf.cs
Items/galaxiteshard.cs
Items/Weapons/Throwing/NightsStabber.cs
Items/terrasteeltile.cs
Items/Weapons/Throwing/GalacticDagger.cs
Items/Weapons/Throwing/RadioactiveKnife.cs
Projectiles/Boss/ProbeLaser.png
Items/ConcentratedDarkMatter.png
Projectiles/Boss/StrawberryHeart.png
Items/ConcentratedIce.cs
Projectiles/Boss/RaspberryHeart.cs
Projectiles/BossWeapons/eOHeart.cs
Items/ConcentratedIce.png
Projectiles/zenithyoyoproj2.png
Items/congbag.cs
Projectiles/Boss/ArmoredBone.cs
Projectiles/Summon/CongProj.cs
Items/glitchedemblem.png
Glowmasks/RainbowSoulCanister_Glow.png
Items/Weapons/Throwing/Accessories/SupernovaeSheath.png
Items/glitchedheart.cs
Items/Weapons/Throwing/Celestial/SupernovaeFragment.cs
Glowmasks/RitualOfChampions_Glow.png
Items/Weapons/Throwing/ThrowersSpear.png
Items/Weapons/Throwing/ThrowingWeapon.cs
Items/Weapons/Throwing/TinKunai.cs
Projectiles/Boss/Crystaline.png
Projectiles/Boss/HKnife.png
Items/starlighttoothnecklace.png
Projectiles/Boss/CrystalizedSlime.cs
Items/cosmicshieldregen_Shield.png
Items/starlightvile.cs
Projectiles/Boss/JesterArrow.cs
Items/glitchedheart.png
Items/demonshorn.png
Projectiles/Boss/RaspberryHeart.png
Items/Concentrates/ComicConcentrate.png
Items/glitchwings.cs
Items/IceCrystal.cs
Projectiles/Boss/ReaperScythe.cs
Items/Weapons/Throwing/Celestial/SupernovaeFragment.png
Items/harmoniabulletproj.cs
Items/explosivearrow.png
Items/darksheart.png
Items/Weapons/Throwing/TinKunai.png
Items/extremeharpyfeather.cs
Items/DeepRockTile.cs
Items/Weapons/Throwing/Celestial/SupernovaeFragmentBlock.cs
Items/harmoniabulletproj.png
Items/harpybag.cs
Items/galaxiteshard.png
Items/Weapons/Throwing/TitaniumAxe.cs
Items/harpybag.png
Items/harpycore.cs
Items/GiftOfNature.cs
Items/galacticaibag.png
Items/Weapons/Throwing/TrueNightsStabber.png
Items/TrueVoodooDoll.png
Items/galactica_iibag.cs
Items/Weapons/Throwing/WindDagger.cs
Items/Weapons/Throwing/WindDagger.png
Items/galactica_iibag.png
Items/TwistedHeart.cs
Items/Weapons/Throwing/WormsTeeth.cs
Items/galacticbeacon.cs
Items/TwistedHeart.png
Items/UltimatumFragment.cs
Items/Weapons/Throwing/WormsTeeth.png
Items/galacticbeacon.png
Items/Weapons/Throwing/Zenith.cs
Items/Weapons/Throwing/GalacticDagger.png
Items/UltimatumFragment.png
Items/galacticheart.cs
Items/Weapons/Throwing/GoldenStar.cs
Items/UltraMode.cs
Items/enchantedstar.png
Items/EnergeticPlasma.cs
Items/lifecrystal.cs
Items/lifecrystal.png
Items/lifeforcescale.cs
Items/lifeforcescale.png
Items/lifefruit.cs
Items/DeusEx/Naturae.cs
Items/catears_Head.png
Items/championartefact.cs
Items/Weapons/Throwing/RadioactiveKnife.png
Projectiles/Summon/CongProj.png
Items/congbag.png
Items/Weapons/Throwing/ScytheBoomerang.cs
Projectiles/Summon/CSentryProj.cs
Projectiles/BossWeapons/eOHeart.png
Projectiles/Summon/CSentryProj.png
Items/Weapons/Throwing/Celestial/SupernovaeFragmentBlock.png
Projectiles/Summon/DestroyerBody.cs
Items/Weapons/Throwing/Celestial/SupernovaeFragmentTile.cs
Projectiles/BossWeapons/fJusticeSpear.cs
Items/championartefact.png
Items/Weapons/Throwing/TitaniumAxe.png
Items/ChampionCharm.cs
Items/Weapons/Throwing/TrueHolyDagger.cs
Items/Weapons/Ultimate/LiquidAttrocity.cs
Items/GiftOfNature.png
Items/Weapons/Ultimate/LiquidAttrocity.png
Items/ChampionCharm.png
Items/glitchedemblem.cs
Items/Weapons/Ultimate/OtherworldyProbe.cs
Items/ChampionCup.cs
Items/LunarBaubles/SolarBauble.cs
Items/starlightvile.png
Items/Weapons/Throwing/Zenith6.png
Items/thespikeyscarf.png
Items/Weapons/Throwing/Accessories/CursedMedallion.cs
Items/starterbag.cs
Items/ThrowerEnhancement.cs
Items/Concentrates/TeardropConcentrate.png
Items/harpycore.png
Items/coreofthejungle.cs
Items/harpycrown.cs
Items/Enchantments/LightningStaff.png
Items/Enchantments/MythicalEnchantment.cs
Projectiles/Boss/CrystalizedSlime.png
Glowmasks/SuperclusterCrystal_Glow.png
Projectiles/Boss/deathray.cs
Items/Enchantments/MythicalEnchantment.png
Items/AlchemistEnhancement.cs
Items/Enchantments/SorceryTable.cs
Projectiles/Boss/deathray.png
Projectiles/Boss/DemonLaser.cs
Projectiles/Boss/JesterArrow.png
Items/IceCrystal.png
Projectiles/Boss/ReaperScythe.png
Items/icekingbag.cs
Items/Concentrates/ConcentrateOfTheCosmos.png
Projectiles/Boss/JusticeSpear.cs
Items/DeepRockTile.png
Items/extremeharpyfeather.png
Items/demonbag.cs
Items/extremehealingpotion.cs
Items/glitchwings.png
Items/demonbag.png
Items/extremehealingpotion.png
Items/extrememanapotion.cs
Items/Weapons/aqualitetome.png
Items/extrememanapotion.png
Items/Weapons/aspectofthecosmos.cs
Items/eyestooth.cs
Items/glitchwings_Wings.png
Items/GodEaterPendant.cs
Items/galacticheart.png
Items/Weapons/True/Bubblegum.png
Items/Enchantments/SorceryTable.png
Items/galacticshard.cs
Items/Weapons/True/IcyStar.cs
Items/Enchantments/SorceryTableItem.cs
Items/Weapons/burningtome.png
Items/Weapons/True/IcyStar.png
Items/Enchantments/SorceryTableItem.png
Items/Enchantments/SoulEdge.cs
Items/Weapons/True/TrueDestruction.cs
Items/UltraMode.png
Items/harpycrown.png
Items/Weapons/blazingstaff.png
Items/HarvestEssence.cs
Items/Undowner.cs
Items/Weapons/blightedstaff.cs
Items/HarvestEssence.png
Items/Hatred.cs
Items/Weapons/Throwing/Celestial/SupernovaeFragmentTile.png
Items/Weapons/Throwing/Celestial/SupernovaeHamaxe.cs
Items/Undowner.png
Items/universalemblem.cs
Projectiles/BossWeapons/fJusticeSpear.png
Items/DeusEx/Naturae.png
Items/Weapons/Ultimate/OtherworldyProbe.png
Items/DeusEx/Stellae.cs
Projectiles/BossWeapons/sforgedDecimator.cs
Items/Weapons/Ultimate/PawOfJudgement.cs
Items/universalemblem.png
Items/universalessence.cs
Projectiles/BossWeapons/sforgedDecimator.png
Items/Weapons/blightedstaff.png
Projectiles/Summon/DestroyerBody.png
Items/Weapons/Throwing/ScytheBoomerang.png
Projectiles/Summon/DestroyerHead.cs
Items/Weapons/Throwing/StarlightEssence.cs
Projectiles/BossWeapons/sforgedSpear.cs
Items/Weapons/blightedtome.cs
Items/Weapons/Zenith/Staff/zenithstaff.cs
Projectiles/BossWeapons/sforgedSpear.png
Items/Weapons/Zenith/Staff/zenithstaff.png
Projectiles/Summon/DestroyerHead.png
Projectiles/BossWeapons/SlimeSpikeFriendly.cs
Items/DeusEx/Stellae.png
Items/LunarBaubles/SolarBauble.png
Items/Concentrates/UraniumConcentrate.png
Items/LunarBaubles/StardustBauble.cs
Items/Core/coreoflight.cs
Items/ThrowerEnhancement.png
Items/coreofthejungle.png
Items/TimeCharm.cs
Items/starterbag.png
Items/TimeCharm.png
Items/Weapons/Throwing/Accessories/CursedMedallion.png
Items/Weapons/Throwing/Accessories/HeroRIng.cs
Items/Hatred.png
Items/SummonerEnhancement.cs
Items/TinyKnife.cs
Items/icechunk.cs
Items/Weapons/Zenith/Tome/CrystalStormM.cs
Projectiles/Boss/DemonLaser.png
Projectiles/Boss/ReaperScythe2.png
Items/GodEaterPendant.png
Items/icekingbag.png
Projectiles/Boss/ElementLaser.cs
Items/goldenshcakles.cs
Items/icevile.cs
Projectiles/Boss/ReaperScythe3.cs
Items/icevile.png
Items/goldenshcakles.png
Items/immunitycharm.cs
Projectiles/Boss/ReaperScythe3.png
Items/GreaterSoulEssence.cs
Projectiles/Summon/IceProj.cs
Projectiles/Boss/ReaperScythe4.png
Projectiles/Summon/StarBody.cs
Items/GreaterSoulEssence.png
Items/hallowedvile.cs
Items/Weapons/chaosexcalibur.cs
Items/Weapons/True/TrueDestruction.png
Items/Enchantments/SoulEdge.png
Items/Enchantments/TestItem.cs
Items/Enchantments/TestItem.png
Items/Weapons/True/TrueWeapon.cs
Items/LunarBaubles/AtomicBauble.cs
Items/Weapons/Ultimate/Animosity.cs
Items/Weapons/Ultimate/Animosity.png
Items/hallowedvile.png
Items/LunarBaubles/AtomicBauble.png
Items/Weapons/Ultimate/FragmentationDrive.cs
Items/harmoniabullet.cs
Items/Weapons/Ultimate/FragmentationDrive.png
Items/harmoniabullet.png
Items/Weapons/Ultimate/FurballStaff.cs
Items/Weapons/Throwing/Accessories/HeroRing.png
Items/Weapons/Ultimate/FurballStaff.png
Items/Weapons/Ultimate/HellbornBlade.cs
Items/immunitycharm.png
Items/IrradiatedGemstone.cs
Items/SummonerEnhancement.png
Projectiles/Summon/StarBody.png
Items/SummonersCard.cs
Items/IrradiatedGemstone.png
Projectiles/Summon/StarHead.cs
Items/kingscrown.cs
Items/Weapons/essenceoflight.png
Items/Weapons/Exodus.cs
Items/Concentrates/ConstellationConcentrate.png
Projectiles/Summon/StarHead.png
Items/Weapons/Ultimate/PawOfJudgement.png
Items/Weapons/coreoftruemelee.png
Items/Weapons/Ultimate/TrueKnife.cs
Projectiles/Summon/StarTail.cs
Items/Weapons/cosmicabyss2.cs
Projectiles/Summon/StarTail.png
Items/Weapons/cosmicabyss2.png
Items/Weapons/Ultimate/TrueKnife.png
Projectiles/Summon/TerraCrystal.cs
Items/Weapons/cosmicanihalation.cs
Items/Weapons/Ultimate/UltraBlowpipe.cs
Projectiles/Summon/TerraCrystal.png
Items/Weapons/Ultimate/UltraBlowpipe.png
Items/Weapons/cosmicanihalation.png
Items/Weapons/Zenith/Blaster/zenithblaster.cs
Projectiles/Summon/TSentryProj.cs
Items/Weapons/Throwing/Celestial/SupernovaeHamaxe.png
Items/Weapons/Throwing/Accessories/LeatherSheath.cs
Items/Weapons/Throwing/Celestial/SupernovaeKunai.cs
Items/Weapons/dragonfireblade.png
Items/Weapons/dualityblade.cs
Items/DeusEx/Terraria.cs
Items/Weapons/chaosexcalibur.png
Items/Weapons/cheatweapon.cs
Projectiles/BossWeapons/SlimeSpikeFriendly.png
Items/TinyKnife.png
Items/Weapons/Zenith/Tome/CrystalStormM.png
Items/Weapons/Zenith/Tome/CursedFlamesM.cs
Projectiles/Cards/CardProjectile.cs
Items/TrueFlask.cs
Projectiles/Cards/ClubAce.cs
Projectiles/Summon/AcornProj.cs
Items/icechunk.png
Items/icecore.cs
Items/Weapons/crescendo.png
Items/Weapons/Crusher.cs
Items/AlchemistEnhancement.png
Items/kingscrown.png
Projectiles/Boss/JusticeSpear.png
Items/lasereye.cs
Projectiles/Boss/JusticeSpear2.cs
Items/Weapons/aspectofthecosmos.png
Items/Weapons/aurealisblade.cs
Items/Weapons/blightedtome.png
Projectiles/Summon/DestroyerTail.cs
Items/Weapons/bloodflarebow.cs
Items/LunarBaubles/StardustBauble.png
Items/Concentrates/GalactalConcentrate.png
Items/Weapons/Ultimate/HellbornBlade.png
Items/Weapons/Exodus.png
Items/LunarBaubles/SupernovaeBauble.cs
Items/Weapons/Ultimate/HyperBlaster.cs
Items/Concentrates/NucleationConcentrate.png
Items/Weapons/featherflintlock.cs
Items/Weapons/cosmicdestruction.cs
Items/Weapons/handoffate.png
Items/Weapons/aurealisblade.png
Items/Weapons/harmonicdisfunctioon.cs
Items/Weapons/cosmicdestruction.png
Items/Weapons/aurealisstaff.cs
Items/Weapons/cosmicprism.cs
Items/Weapons/aurealisstaff.png
Items/Weapons/harmonicdisfunctioon.png
Items/Weapons/aurealisuzi.cs
Items/Weapons/harpytome.cs
Projectiles/Summon/TSentryProj.png
Items/Weapons/Throwing/Accessories/LeatherSheath.png
Items/Weapons/Zenith/Blaster/zenithblaster.png
Items/Weapons/Throwing/Accessories/SupernovaeSheath.cs
Items/Weapons/Zenith/Bow/zenithbow.cs
Projectiles/Summon/UltCrystal.cs
Items/Weapons/Throwing/Celestial/SupernovaeKunai.png
Items/Weapons/Throwing/Celestial/SupernovaePickaxe.cs
Items/Weapons/Throwing/Celestial/SupernovaePickaxe.png
Items/Weapons/dualityblade.png
Items/Weapons/Throwing/Celestial/SupernovaeSpear.cs
Items/Weapons/dungeonstaff.cs
Items/Weapons/Throwing/Celestial/SupernovaeSpear.png
Items/Weapons/True/Bubblegum.cs
Items/Weapons/dungeonstaff.png
Items/Weapons/Zenith/Tome/ZenithTomeBuff.cs
Items/Weapons/dungeontome.cs
Items/Weapons/Zenith/Tome/ZenithTomeBuff.png
Items/Weapons/dungeontome.png
Items/Weapons/EigthWonder.cs
Items/Weapons/EigthWonder.png
Items/Weapons/electricdischarge.cs
Items/Weapons/Zenith/Tome/.vs/slnx.sqlite
Items/Weapons/Zenith/Tome/.vs/VSWorkspaceState.json
Items/Weapons/Zenith/Tome/.vs/Tome/v16/.suo
Items/Weapons/Zenith/Yoyo/zenithyoyo.cs
Items/Core/coreoflight.png
Items/LunarBaubles/SupernovaeBauble.png
Items/Core/coreofnight.cs
Items/lasereye.png
Items/LesserSoulEssence.cs
Items/LunarBaubles/VortexBauble.cs
Projectiles/Summon/IceProj.png
Items/DeusEx/Terraria.png
Projectiles/Summon/NatureCrystal.cs
Items/Enchantments/AstralEnchantment.cs
Items/Weapons/electricdischarge.png
Projectiles/Summon/AcornProj.png
Items/Weapons/aurealisuzi.png
Items/Weapons/electricshock.cs
Projectiles/Tech/BioWeaponProj.cs
Items/LunarBaubles/baubles.png
Items/Weapons/balancednightsedge.cs
Items/LunarBaubles/NebulaBauble.cs
Projectiles/Boss/JusticeSpear2.png
Items/Weapons/Crusher.png
Items/Weapons/Zenith/Tome/CursedFlamesM.png
Projectiles/Boss/JusticeSpear3.cs
Items/Weapons/galacticusbow.png
Items/Weapons/Zenith/Tome/GoldenShowerM.cs
Items/Weapons/crystalinedagger.cs
Items/Weapons/galacticustome.cs
Projectiles/Summon/NatureCrystal.png
Items/Weapons/galacticustome.png
Items/icecore.png
Items/Weapons/cheatweapon.png
Items/Weapons/galaxyskatana.cs
Items/Weapons/NebuliteCrystal.cs
Items/Weapons/chlorophyteknives.cs
Items/Weapons/cosmicprism.png
Items/Weapons/Ultimate/HyperBlaster.png
Items/Weapons/cosmicshatterer.cs
Projectiles/Summon/DestroyerTail.png
Items/Weapons/bloodflarebow.png
Items/Weapons/burningbow.cs
Projectiles/Summon/FeatherProj.cs
Items/Weapons/cosmicshatterer.png
Items/Weapons/cosmicstaff.cs
Items/Weapons/burningbow.png
NPCs/Aeternitus/CruelEyeLarge.png
Items/Weapons/burningknives.cs
Items/Weapons/cosmicstaff.png
Items/Enchantments/AstralEnchantment.png
Items/Weapons/burningknives.png
Projectiles/Summon/OSentryProj.cs
Items/Enchantments/CosmologicalEnchant.cs
Items/Weapons/burningstaff.cs
Items/Weapons/featherflintlock.png
Projectiles/Summon/FeatherProj.png
Items/Weapons/kindlestaff.png
Projectiles/Tech/BioWeaponProj.png
Items/Weapons/featherknife.cs
Items/Weapons/laceration.cs
Projectiles/Tech/ElectromagnetismProj.cs
NPCs/Aeternitus/CruelEyeSmall.png
Projectiles/Tech/ElectromagnetismProj.png
Items/Weapons/featherknife.png
Items/Weapons/laceration.png
Items/Weapons/fireblast.cs
NPCs/burningdemon/burningdemon.cs
Projectiles/Tech/FinalDawnProj.cs
Items/Weapons/Lechery.cs
Projectiles/Summon/FragProj.cs
Items/Weapons/Lechery.png
Items/Weapons/fireblast.png
Items/Weapons/lifereaper.cs
Items/Weapons/firstfractal.cs
Items/Weapons/cosmictome.cs
Items/Weapons/harpytome.png
Items/Weapons/NebuliteCrystal.png
Items/Weapons/herosword.cs
Items/Weapons/nightsstaff.cs
Items/Weapons/cosmictome.png
Items/Weapons/crescendo.cs
Items/Weapons/herosword.png
Items/Weapons/nightsstaff.png
Items/Weapons/hitman.cs
Items/Weapons/nightstome.cs
Projectiles/Tech/FinalDawnProj.png
Items/Weapons/hitman.png
Items/Weapons/nightstome.png
Projectiles/Tech/HeavenpeircerProj.cs
Items/Weapons/holybow.cs
Items/Weapons/nightsyoyo.cs
Projectiles/Summon/FragProj.png
Projectiles/Summon/UltCrystal.png
Items/Weapons/pearlblaster.cs
Items/Weapons/Zenith/Bow/zenithbow.png
Projectiles/Summon/USentryProj.cs
NPCs/burningdemon/burningdemon.png
Projectiles/Summon/GalacProj.cs
Items/Weapons/Zenith/Yoyo/zenithyoyo.png
Items/LesserSoulEssence.png
Items/Core/coreofnight.png
Items/LunarBaubles/VortexBauble.png
Lore/burningscroll.cs
Items/DeusEx/CoreOfTheGods.cs
Items/Weapons/scorchingblaster.cs
Lore/meteorscroll.png
Items/DeusEx/CoreOfTheGods.png
Items/Weapons/Zenith/Knives/zenith2.cs
Lore/burningscroll.png
Lore/cosmicscroll.cs
Items/DeusEx/ExGalactica.cs
Items/Weapons/Absolution.cs
Items/LunarBaubles/NebulaBauble.png
Items/Weapons/crystalinedagger.png
Items/Weapons/electricshock.png
Items/Weapons/darkhammer.cs
Items/Weapons/starlightfracture.cs
Items/Weapons/energycannon.cs
Items/Weapons/Absolution.png
Items/Weapons/darkhammer.png
Items/Weapons/energycannon.png
Items/Weapons/starlightfracture.png
Items/Weapons/darkshuriken.cs
Items/Weapons/abyssalvoid.png
Items/Weapons/essenceoflight.cs
Items/Weapons/starlightsword.cs
Items/Weapons/aqualitebow.cs
Items/Weapons/darkshuriken.png
Items/Weapons/SuperclusterSpear.cs
Items/Weapons/deepend.cs
Items/Weapons/Zenith/Tome/GoldenShowerM.png
Items/Weapons/chlorophyteknives.png
Items/Weapons/galaxyskatana.png
Items/Weapons/Zenith/Tome/MeteorStaffM.cs
Items/Weapons/graphicscard.cs
Items/Weapons/ClockworkPaintRifle.cs
Projectiles/Summon/OSentryProj.png
Items/Weapons/Zenith/Tome/MeteorStaffM.png
Items/Weapons/Zenith/Tome/NebulaArcanumM.cs
Projectiles/Summon/ReaperMinion.cs
Items/Weapons/graphicscard.png
Items/Weapons/greathammerofjudgement.cs
Projectiles/Summon/ReaperMinion.png
Items/Weapons/ClockworkPaintRifle.png
Projectiles/Summon/SentryProj.cs
Items/Weapons/Zenith/Tome/NebulaArcanumM.png
Items/Weapons/greathammerofjudgement.png
Items/Weapons/hallowedstaff.cs
Projectiles/Summon/SentryProj.png
Projectiles/Tech/HeavenpeircerProj.png
Projectiles/Summon/ShardProj.cs
Projectiles/Throwing/AAxe.cs
Items/Enchantments/CosmologicalEnchant.png
Lore/radiatedscroll.cs
Items/Enchantments/EnchGlobalItem.cs
Items/Enchantments/GalaxyEnchantment.cs
Items/Weapons/lifereaper.png
Items/Enchantments/GalaxyEnchantment.png
Items/Weapons/scorchingblaster.png
Items/Weapons/luxfragment.png
Items/Enchantments/GhastlyRain.cs
Items/Weapons/sdeath.cs
Items/Weapons/mage.cs
Items/Enchantments/GhastlyRain.png
Items/Weapons/sdeath.png
Items/Weapons/SolaricBlade.cs
Items/Enchantments/LightningStaff.cs
NPCs/CosmicGuardians/SkyEaterBody.cs
Items/Weapons/holybow.png
Items/Weapons/balancednightsedge.png
Items/Weapons/burningstaff.png
Items/Weapons/junglestaff.cs
Items/Weapons/blazingblade.cs
Items/Weapons/coreofbadaiming.cs
Items/Weapons/mage.png
Items/Weapons/firstfractal.png
Items/Weapons/mutilationedge.cs
Items/Weapons/FrigidSlicer.cs
Items/DeusEx/ExGalactica.png
Items/DeusEx/Hominibus.cs
Items/Weapons/Zenith/Knives/zenith2.png
Lore/cosmicscroll.png
Lore/darkscroll.cs
Items/Weapons/Zenith/Tome/tomeminion.cs
Items/Weapons/burningsword.cs
Items/Weapons/starlightsword.png
Projectiles/Summon/GalacProj.png
NPCs/burningdemon/burningdemon_Head_Boss.png
Projectiles/Summon/USentryProj.png
Items/Weapons/aqualitebow.png
Projectiles/Throwing/CKunai.cs
NPCs/conglomerate/thecomglomerate.cs
Items/Weapons/aqualitesword.cs
Items/Weapons/nightsyoyo.png
Items/Weapons/ninjaglove.cs
Items/Weapons/pearlblaster.png
Items/Weapons/starlighttome.cs
Items/Weapons/posiedonsfury.cs
Items/Weapons/hallowedstaff.png
Projectiles/Throwing/AAxe.png
Projectiles/Summon/ShardProj.png
Items/Weapons/hallowedtome.cs
Projectiles/Summon/SkullProj.cs
Lore/radiatedscroll.png
Lore/starlightscroll.cs
Items/Weapons/SuperclusterSpear.png
Items/Weapons/SuperclusterTome.cs
Items/Weapons/SolaricBlade.png
Items/Weapons/soulreaper.cs
Items/Weapons/SuperclusterTome.png
NPCs/CosmicGuardians/SkyEaterBody.png
Items/Weapons/SuperclusterYoyo.cs
Items/Weapons/soulreaper.png
NPCs/CosmicGuardians/SkyEaterHead.cs
Items/Weapons/staffoftheancients.cs
Items/Weapons/SuperclusterYoyo.png
NPCs/CosmicGuardians/SkyEaterHead.png
Items/Weapons/terrabow.cs
Items/Weapons/staffoftheancients.png
Items/Weapons/starbreaker.cs
Projectiles/Throwing/BEye.cs
Items/Weapons/aqualitesword.png
NPCs/CosmicGuardians/SoulSuckerTail.png
NPCs/CosmicGuardians/SoulSuckerWorm.cs
Items/Weapons/aqualitetome.cs
Projectiles/Throwing/BEye.png
Projectiles/Throwing/CDagger.cs
NPCs/CosmicGuardians/Worm2.cs
NPCs/dark/phase2Ghost.png
NPCs/cosmicorb/clone.cs
Projectiles/Throwing/CDagger.png
Projectiles/Throwing/CDagger2.cs
NPCs/dark/phase2_Glow.png
Projectiles/Throwing/CDagger2.png
NPCs/dark/phase2_Head_Boss.png
NPCs/cosmicorb/clone.png
Projectiles/Throwing/MKnife.cs
NPCs/cosmicorb/cosmicorb.cs
Items/Weapons/coreofbadaiming.png
Projectiles/Throwing/CKunai.png
Items/Weapons/deepend.png
Projectiles/Throwing/GDagger.cs
Items/Weapons/demonwingbow.cs
Items/Weapons/coreofimprecission.cs
Projectiles/Throwing/GDagger.png
NPCs/dark/phase3.png
NPCs/dark/sleepingcat.cs
Projectiles/Throwing/GStar.cs
Items/Weapons/blazingblade.png
Items/Weapons/mutilationedge.png
Items/Weapons/blazingblaster.cs
Items/Weapons/nebulaicblade.cs
Items/Weapons/junglestaff.png
Items/Weapons/jungletome.cs
Items/Weapons/nebulaicblade.png
Items/Weapons/blazingblaster.png
Items/Weapons/nebulaictome.cs
Items/Weapons/blazingstaff.cs
Items/DeusEx/Hominibus.png
Items/Weapons/Zenith/Tome/tomeminion.png
Items/DeusEx/Inanis.cs
Lore/darkscroll.png
Items/Weapons/Zenith/Tome/ZenithTome.cs
Lore/harpyscroll.cs
Items/Weapons/demonwingbow.png
Projectiles/Tech/AdAstraProj.cs
Items/Weapons/Dendrite.cs
Items/Weapons/ninjaglove.png
Items/Weapons/burningsword.png
Items/Weapons/FrigidSlicer.png
Items/Weapons/starbreaker.png
Items/Weapons/burningtome.cs
NPCs/conglomerate/theconglomerate.png
Items/Weapons/Starfall.cs
Items/Weapons/starlighttome.png
Items/Weapons/hallowedtome.png
Lore/starlightscroll.png
Items/Weapons/starlightyoyo.cs
Items/Weapons/hallowedyoyo.cs
Projectiles/Summon/SkullProj.png
Items/Weapons/hallowedyoyo.png
Projectiles/Summon/SlimeProj.cs
Items/Weapons/handoffate.cs
Projectiles/Throwing/RKnife.cs
Items/Weapons/starlightyoyo.png
Projectiles/Summon/SlimeProj.png
Items/Weapons/stormseye.cs
Projectiles/Throwing/TKunai.cs
Projectiles/Throwing/RKnife.png
Items/Weapons/stormseye.png
Projectiles/Throwing/SKunai.cs
Items/Weapons/sunblast.cs
Items/Weapons/Omega.cs
Items/Weapons/galacticusblade.cs
Items/Weapons/terrabow.png
Items/Weapons/Omega.png
Items/Weapons/terradisk.cs
Items/Weapons/orebow.cs
Items/Weapons/galacticusblade.png
Items/Weapons/galacticusbow.cs
Items/Weapons/orebow.png
Projectiles/Throwing/MKnife.png
Reforges/Blunt.cs
Items/Weapons/oresword.cs
Reforges/Chunky.cs
Projectiles/Throwing/MSpear.cs
Reforges/Dull.cs
Items/Weapons/oresword.png
Projectiles/Throwing/MSpear.png
Reforges/Insane.cs
Projectiles/Throwing/NStabber.cs
Items/Weapons/Starfall.png
Reforges/Liquified.cs
Projectiles/Throwing/NStabber.png
Reforges/Pointy.cs
Reforges/Sharp.cs
Projectiles/Throwing/OSpear.cs
Items/Weapons/starlightbow.cs
Reforges/Soft.cs
Reforges/Solid.cs
Reforges/Unreal.cs
Sounds/ItWillBeYourFault.mp3
Sounds/ItWillBeYourFaultSlowed.mp3
UI/NarratorUI.cs
UI/SorceryUI.cs
Items/Weapons/coreofimprecission.png
Items/Weapons/coreoftheglitch.cs
Projectiles/Throwing/TKunai.png
Projectiles/Throwing/TNStabber.cs
Music/AXION-BMS.mp3
Items/Weapons/posiedonsfury.png
Items/Weapons/Prismatica.cs
NPCs/dark/sleepingcat.png
NPCs/cosmicorb/cosmicorb.png
Lore/harpyscroll.png
Items/Weapons/jungletome.png
Lore/meteorscroll.cs
Items/Weapons/kindlestaff.cs
Projectiles/Throwing/GStar.png
Items/Weapons/nebulaictome.png
Projectiles/Throwing/HDagger.cs
NPCs/galactica_i/Eyeball.png
Projectiles/Throwing/HDagger.png
Music/ChickenDance.ogg
NPCs/galactica_i/galactica_i.cs
NPCs/target.cs
Projectiles/Throwing/IKunai.cs
Items/DeusEx/Inanis.png
Items/Weapons/Dendrite.png
Items/DeusEx/Machina.cs
Items/Weapons/dragonfireblade.cs
Items/DeusEx/Machina.png
NPCs/dark/sleepingcat_Head_Boss.png
NPCs/dark/Spare.cs
Projectiles/Boss/JusticeSpear3.png
NPCs/galactica_i/galactica_i.png
Projectiles/Boss/JusticeSpear4.cs
NPCs/conglomerate/theconglomerate_Head_Boss.png
NPCs/CosmicGuardians/DevilsSerpentBody.cs
Projectiles/Throwing/OSpear.png
Projectiles/Tech/AdAstraProj.png
NPCs/CosmicGuardians/DevilsSerpentBody.png
Projectiles/Throwing/PDagger.cs
NPCs/CosmicGuardians/DevilsSerpentHead.cs
NPCs/target.png
Projectiles/Throwing/PDagger.png
NPCs/Aeternitus/Aeternitus.cs
NPCs/CosmicGuardians/DevilsSerpentHead.png
Projectiles/Throwing/PSpear.cs
Projectiles/Throwing/SKunai.png
Projectiles/Throwing/SRang.cs
Items/Weapons/starlightbow.png
Projectiles/Throwing/SRang.png
Projectiles/Throwing/SSpear.cs
NPCs/HauntedKnife/HauntedKnife.png
Items/Weapons/sunblast.png
Items/Weapons/sunfury.cs
Items/Weapons/coreoftheglitch.png
NPCs/dark/Spare.png
NPCs/HauntedKnife/HauntedKnife_Head_Boss.png
Items/Weapons/coreoftruemelee.cs
NPCs/Fracture/Pink.cs
Items/Weapons/sunfury.png
Items/Weapons/SuperclusterPistol.cs
Projectiles/Boss/JusticeSpear4.png
Projectiles/Boss/JusticeSpear5.cs
Items/Weapons/Zenith/Tome/zenithtome.png
NPCs/CosmicGuardians/SkyEaterHead_Head_Boss.png
NPCs/iceking/iceking.cs
Projectiles/Throwing/IKunai.png
NPCs/CosmicGuardians/SkyEaterProbe.cs
NPCs/galactica_i/galactica_i_Head_Boss.png
Projectiles/Throwing/ISickle.cs
NPCs/CosmicGuardians/SkyEaterProbe.png
NPCs/galactica_ii/galactica_ii.cs
NPCs/CosmicGuardians/SkyEaterTail.cs
Projectiles/Throwing/ISickle.png
NPCs/iceking/iceking.png
Projectiles/Throwing/ISpear.cs
NPCs/CosmicGuardians/SkyEaterTail.png
NPCs/galactica_ii/galactica_ii.png
NPCs/CosmicGuardians/SkyEaterWorm.cs
NPCs/CosmicGuardians/SoulSuckerBody.cs
Items/Weapons/Prismatica.png
Projectiles/Throwing/TNStabber.png
Items/Weapons/terradisk.png
Items/Weapons/radioactiveblade.cs
NPCs/cosmicorb/cosmicorb_Head_Boss.png
Projectiles/Throwing/TSpear.cs
NPCs/dark/awakecat.cs
Projectiles/Throwing/TSpear.png
Projectiles/Throwing/ISpear.png
Projectiles/Throwing/WDagger.cs
NPCs/dark/awakecat.png
Projectiles/Throwing/LSpear.cs
NPCs/Aeternitus/Aeternitus.png
Projectiles/Throwing/WDagger.png
NPCs/dark/awakecat_Head_Boss.png
Projectiles/Throwing/LSpear.png
Projectiles/Throwing/WTooth.cs
NPCs/dark/Fight.cs
NPCs/Aeternitus/CruelBlade.png
NPCs/CosmicGuardians/DevilsSerpentHead_Head_Boss.png
Projectiles/Throwing/WTooth.png
NPCs/CosmicGuardians/DevilsSerpentTail.cs
NPCs/dark/Fight.png
Projectiles/Throwing/ZKnife.cs
Items/Weapons/terraedge.cs
NPCs/dark/phase2.cs
NPCs/Fracture/Pink.png
NPCs/CosmicGuardians/DevilsSerpentTail.png
NPCs/CosmicGuardians/DevilsSerpentWorm.cs
NPCs/iceking/iceking_Head_Boss.png
NPCs/Aeternitus/CruelBone.png
NPCs/galactica_ii/galactica_ii_Head_Boss.png
Items/Weapons/radioactiveblade.png
NPCs/Narrator/Narrator.cs
NPCs/Aeternitus/CruelEnergy.cs
NPCs/galactica_ii/shield.cs
Items/Weapons/radioactivestaff.cs
Items/Weapons/radioactivestaff.png
NPCs/Aeternitus/CruelEnergy.png
Items/Weapons/ram.cs
NPCs/Aeternitus/CruelEyeLarge.cs
NPCs/CosmicGuardians/SoulSuckerBody.png
Items/Weapons/ram.png
Items/Weapons/realitybreak.cs
NPCs/CosmicGuardians/SoulSuckerHead.cs
Items/Weapons/SuperclusterPistol.png
Projectiles/Throwing/PSpear.png
Projectiles/Throwing/PStar.cs
Projectiles/Throwing/SSpear.png
Projectiles/Throwing/SStar.cs
NPCs/galactica_ii/shield.png
Projectiles/Throwing/PStar.png
NPCs/Fracture/Pink_Head_Boss.png
NPCs/glitch/Reaper.cs
NPCs/Narrator/Narrator.png
Projectiles/Throwing/PSTinger.cs
NPCs/Fracture/Purple.cs
NPCs/Narrator/Narrator_Head.png
Projectiles/Throwing/PStinger.png
NPCs/worm/New Text Document.txt
NPCs/Fracture/Purple.png
NPCs/worm/starlightbody.cs
NPCs/Fracture/Purple_Head_Boss.png
NPCs/galactica_i/Eyeball.cs
NPCs/worm/starlightbody.png
NPCs/worm/starlighthead.cs
Items/Weapons/terraedge.png
Projectiles/Throwing/ZKnife.png
NPCs/worm/starlighthead.png
Items/Weapons/realitybreak.png
Properties/launchSettings.json
Items/Weapons/reddevil.cs
Items/Weapons/terraflamethrower.cs
Reforges/Acidic.cs
Reforges/APrefixType.cs
Reforges/Awful.cs
NPCs/CosmicGuardians/SoulSuckerHead.png
NPCs/dark/phase2.png
NPCs/worm/starlighthead_Head_Boss.png
NPCs/dark/phase2Ghost.cs
NPCs/CosmicGuardians/SoulSuckerHead_Head_Boss.png
Items/Weapons/reddevil.png
NPCs/CosmicGuardians/SoulSuckerTail.cs
Items/Weapons/terraflamethrower.png
Projectiles/Throwing/SStar.png
NPCs/glitch/Reaper.png
Projectiles/Throwing/TAxe.cs
NPCs/glitch/Reaper_Head.png
Projectiles/Throwing/TAxe.png
NPCs/harpyking/harpyking.cs
Projectiles/Throwing/THDagger.cs
Projectiles/Throwing/THDagger.png
Projectiles/Throwing/TKnife.cs
Projectiles/Throwing/TKnife.png
NPCs/harpyking/harpyking.png
NPCs/harpyking/harpyking_Head_Boss.png
NPCs/HauntedKnife/HauntedKnife.cs
